<?xml version="1.0" encoding="UTF-8"?>
<!-- Generated by org.testng.reporters.JUnitXMLReporter -->
<testsuite ignored="0" hostname="Ahmads-MacBook-Pro.local" failures="0" tests="5" name="Default test" time="40.582" errors="0" timestamp="2020-01-02T17:43:41 EST">
  <testcase classname="com.noorteck.qa.tests.CampaingsPageTest" name="campaingsPageCreateEmailMessage" time="2.083"/>
  <testcase classname="com.noorteck.qa.tests.CampaingsPageTest" name="campaingsPageCreateSmSMessage" time="1.901"/>
  <testcase classname="com.noorteck.qa.tests.CampaingsPageTest" name="campaingsPageRemoveSmSMessage" time="2.831"/>
  <testcase classname="com.noorteck.qa.tests.CampaingsPageTest" name="campainsPageHeaderTest" time="1.178"/>
  <testcase classname="com.noorteck.qa.tests.CampaingsPageTest" name="campaingsPageRemoveEmailMessage" time="2.255"/>
</testsuite> <!-- Default test -->
