<?xml version="1.0" encoding="UTF-8"?>
<!-- Generated by org.testng.reporters.JUnitXMLReporter -->
<testsuite hostname="DESKTOP-RO6FVRF" ignored="0" name="Forms Page" tests="3" failures="0" timestamp="2019-12-25T13:56:26 EST" time="36.284" errors="0">
  <testcase name="formsPageCreateNewForm" time="2.9" classname="com.noorteck.qa.tests.FormsPageTest"/>
  <testcase name="formsPageDeleteForm" time="2.192" classname="com.noorteck.qa.tests.FormsPageTest"/>
  <testcase name="formsPageHeaderTest" time="1.589" classname="com.noorteck.qa.tests.FormsPageTest"/>
</testsuite> <!-- Forms Page -->
