<?xml version="1.0" encoding="UTF-8"?>
<!-- Generated by org.testng.reporters.JUnitXMLReporter -->
<testsuite hostname="DESKTOP-RO6FVRF" ignored="0" name="Home Page" tests="5" failures="0" timestamp="2019-12-25T13:59:31 EST" time="56.34" errors="0">
  <testcase name="homePageTitleTest" time="0.018" classname="com.noorteck.qa.tests.HomePageTest"/>
  <testcase name="homePageUserNameTest" time="0.67" classname="com.noorteck.qa.tests.HomePageTest"/>
  <testcase name="formsPageCreateNewForm" time="2.486" classname="com.noorteck.qa.tests.FormsPageTest"/>
  <testcase name="formsPageDeleteForm" time="1.79" classname="com.noorteck.qa.tests.FormsPageTest"/>
  <testcase name="formsPageHeaderTest" time="1.411" classname="com.noorteck.qa.tests.FormsPageTest"/>
</testsuite> <!-- Home Page -->
